This file contains any messages produced by compilers while
running configure, to aid debugging if configure makes a mistake.

It was created by configure, which was
generated by GNU Autoconf 2.61.  Invocation command line was

  $ ./configure 

## --------- ##
## Platform. ##
## --------- ##

hostname = 192.168.0.90
uname -m = armv5tejl
uname -r = 2.6.10_mvl401_IPNC-1.20
uname -s = Linux
uname -v = #267 Mon Nov 30 14:06:41 CST 2009

/usr/bin/uname -p = unknown
/bin/uname -X     = unknown

/bin/arch              = armv5tejl
/usr/bin/arch -k       = unknown
/usr/convex/getsysinfo = unknown
/usr/bin/hostinfo      = unknown
/bin/machine           = unknown
/usr/bin/oslevel       = unknown
/bin/universe          = unknown

PATH: /usr/local/bin
PATH: /usr/bin
PATH: /bin
PATH: /usr/bin/X11
PATH: /usr/games
PATH: /usr/local/sbin
PATH: /usr/sbin
PATH: /sbin


## ----------- ##
## Core tests. ##
## ----------- ##

configure:1759: checking for gcc
configure:1775: found /usr/bin/gcc
configure:1786: result: gcc
configure:2024: checking for C compiler version
configure:2031: gcc --version >&5
gcc (GCC) 3.4.3 (MontaVista 3.4.3-25.0.104.0600975 2006-07-05)
Copyright (C) 2004 Free Software Foundation, Inc.
This is free software; see the source for copying conditions.  There is NO
warranty; not even for MERCHANTABILITY or FITNESS FOR A PARTICULAR PURPOSE.

configure:2034: $? = 0
configure:2041: gcc -v >&5
Reading specs from /usr/lib/gcc/armv5tl-montavista-linuxeabi/3.4.3/specs
Configured with: ../configure --host=armv5tl-montavista-linuxeabi --build=i686-pc-linux-gnu --prefix=/usr --exec-prefix=/usr --bindir=/usr/bin --sbindir=/usr/sbin --sysconfdir=/etc --datadir=/usr/share --includedir=/usr/include --libdir=/usr/lib --libexecdir=/usr/libexec --localstatedir=/var --sharedstatedir=/usr/share --mandir=/usr/share/man --infodir=/usr/share/info --target=armv5tl-montavista-linuxeabi --program-prefix= --enable-__cxa_atexit --enable-shared --enable-languages=c,c++ --enable-threads=posix --disable-multilib --with-numa-policy=yes --with-float=soft --with-cpu=arm10tdmi --with-interwork --with-arch=armv5t --with-tune=arm10tdmi --libexecdir=/usr/lib
Thread model: posix
gcc version 3.4.3 (MontaVista 3.4.3-25.0.104.0600975 2006-07-05)
configure:2044: $? = 0
configure:2051: gcc -V >&5
gcc: `-V' option must have argument
configure:2054: $? = 1
configure:2077: checking for C compiler default output file name
configure:2104: gcc    conftest.c  >&5
configure:2107: $? = 0
configure:2145: result: a.out
configure:2162: checking whether the C compiler works
configure:2172: ./a.out
configure:2175: $? = 0
configure:2192: result: yes
configure:2199: checking whether we are cross compiling
configure:2201: result: no
configure:2204: checking for suffix of executables
configure:2211: gcc -o conftest    conftest.c  >&5
configure:2214: $? = 0
configure:2238: result: 
configure:2244: checking for suffix of object files
configure:2270: gcc -c   conftest.c >&5
configure:2273: $? = 0
configure:2296: result: o
configure:2300: checking whether we are using the GNU C compiler
configure:2329: gcc -c   conftest.c >&5
configure:2335: $? = 0
configure:2352: result: yes
configure:2357: checking whether gcc accepts -g
configure:2387: gcc -c -g  conftest.c >&5
configure:2393: $? = 0
configure:2492: result: yes
configure:2509: checking for gcc option to accept ISO C89
configure:2583: gcc  -c -g -O2  conftest.c >&5
configure:2589: $? = 0
configure:2612: result: none needed
configure:2673: checking for ranlib
configure:2689: found /usr/bin/ranlib
configure:2700: result: ranlib
configure:2734: checking how to run the C preprocessor
configure:2774: gcc -E  conftest.c
configure:2780: $? = 0
configure:2811: gcc -E  conftest.c
conftest.c:8:28: ac_nonexistent.h: No such file or directory
configure:2817: $? = 1
configure: failed program was:
| /* confdefs.h.  */
| #define PACKAGE_NAME ""
| #define PACKAGE_TARNAME ""
| #define PACKAGE_VERSION ""
| #define PACKAGE_STRING ""
| #define PACKAGE_BUGREPORT ""
| /* end confdefs.h.  */
| #include <ac_nonexistent.h>
configure:2850: result: gcc -E
configure:2879: gcc -E  conftest.c
configure:2885: $? = 0
configure:2916: gcc -E  conftest.c
conftest.c:8:28: ac_nonexistent.h: No such file or directory
configure:2922: $? = 1
configure: failed program was:
| /* confdefs.h.  */
| #define PACKAGE_NAME ""
| #define PACKAGE_TARNAME ""
| #define PACKAGE_VERSION ""
| #define PACKAGE_STRING ""
| #define PACKAGE_BUGREPORT ""
| /* end confdefs.h.  */
| #include <ac_nonexistent.h>
configure:2960: checking for grep that handles long lines and -e
configure:3034: result: /bin/grep
configure:3039: checking for egrep
configure:3117: result: /bin/grep -E
configure:3122: checking for ANSI C header files
configure:3152: gcc -c -g -O2  conftest.c >&5
configure:3158: $? = 0
configure:3254: gcc -o conftest -g -O2   conftest.c  >&5
configure:3257: $? = 0
configure:3263: ./conftest
configure:3266: $? = 0
configure:3283: result: yes
configure:3293: checking for sys/wait.h that is POSIX.1 compatible
configure:3329: gcc -c -g -O2  conftest.c >&5
configure:3335: $? = 0
configure:3350: result: yes
configure:3374: checking for sys/types.h
configure:3395: gcc -c -g -O2  conftest.c >&5
configure:3401: $? = 0
configure:3417: result: yes
configure:3374: checking for sys/stat.h
configure:3395: gcc -c -g -O2  conftest.c >&5
configure:3401: $? = 0
configure:3417: result: yes
configure:3374: checking for stdlib.h
configure:3395: gcc -c -g -O2  conftest.c >&5
configure:3401: $? = 0
configure:3417: result: yes
configure:3374: checking for string.h
configure:3395: gcc -c -g -O2  conftest.c >&5
configure:3401: $? = 0
configure:3417: result: yes
configure:3374: checking for memory.h
configure:3395: gcc -c -g -O2  conftest.c >&5
configure:3401: $? = 0
configure:3417: result: yes
configure:3374: checking for strings.h
configure:3395: gcc -c -g -O2  conftest.c >&5
configure:3401: $? = 0
configure:3417: result: yes
configure:3374: checking for inttypes.h
configure:3395: gcc -c -g -O2  conftest.c >&5
configure:3401: $? = 0
configure:3417: result: yes
configure:3374: checking for stdint.h
configure:3395: gcc -c -g -O2  conftest.c >&5
configure:3401: $? = 0
configure:3417: result: yes
configure:3374: checking for unistd.h
configure:3395: gcc -c -g -O2  conftest.c >&5
configure:3401: $? = 0
configure:3417: result: yes
configure:3470: checking fcntl.h usability
configure:3487: gcc -c -g -O2  conftest.c >&5
configure:3493: $? = 0
configure:3507: result: yes
configure:3511: checking fcntl.h presence
configure:3526: gcc -E  conftest.c
configure:3532: $? = 0
configure:3546: result: yes
configure:3574: checking for fcntl.h
configure:3582: result: yes
configure:3470: checking sys/dlpi.h usability
configure:3487: gcc -c -g -O2  conftest.c >&5
conftest.c:53:22: sys/dlpi.h: No such file or directory
configure:3493: $? = 1
configure: failed program was:
| /* confdefs.h.  */
| #define PACKAGE_NAME ""
| #define PACKAGE_TARNAME ""
| #define PACKAGE_VERSION ""
| #define PACKAGE_STRING ""
| #define PACKAGE_BUGREPORT ""
| #define STDC_HEADERS 1
| #define HAVE_SYS_WAIT_H 1
| #define HAVE_SYS_TYPES_H 1
| #define HAVE_SYS_STAT_H 1
| #define HAVE_STDLIB_H 1
| #define HAVE_STRING_H 1
| #define HAVE_MEMORY_H 1
| #define HAVE_STRINGS_H 1
| #define HAVE_INTTYPES_H 1
| #define HAVE_STDINT_H 1
| #define HAVE_UNISTD_H 1
| #define HAVE_FCNTL_H 1
| /* end confdefs.h.  */
| #include <stdio.h>
| #ifdef HAVE_SYS_TYPES_H
| # include <sys/types.h>
| #endif
| #ifdef HAVE_SYS_STAT_H
| # include <sys/stat.h>
| #endif
| #ifdef STDC_HEADERS
| # include <stdlib.h>
| # include <stddef.h>
| #else
| # ifdef HAVE_STDLIB_H
| #  include <stdlib.h>
| # endif
| #endif
| #ifdef HAVE_STRING_H
| # if !defined STDC_HEADERS && defined HAVE_MEMORY_H
| #  include <memory.h>
| # endif
| # include <string.h>
| #endif
| #ifdef HAVE_STRINGS_H
| # include <strings.h>
| #endif
| #ifdef HAVE_INTTYPES_H
| # include <inttypes.h>
| #endif
| #ifdef HAVE_STDINT_H
| # include <stdint.h>
| #endif
| #ifdef HAVE_UNISTD_H
| # include <unistd.h>
| #endif
| #include <sys/dlpi.h>
configure:3507: result: no
configure:3511: checking sys/dlpi.h presence
configure:3526: gcc -E  conftest.c
conftest.c:20:22: sys/dlpi.h: No such file or directory
configure:3532: $? = 1
configure: failed program was:
| /* confdefs.h.  */
| #define PACKAGE_NAME ""
| #define PACKAGE_TARNAME ""
| #define PACKAGE_VERSION ""
| #define PACKAGE_STRING ""
| #define PACKAGE_BUGREPORT ""
| #define STDC_HEADERS 1
| #define HAVE_SYS_WAIT_H 1
| #define HAVE_SYS_TYPES_H 1
| #define HAVE_SYS_STAT_H 1
| #define HAVE_STDLIB_H 1
| #define HAVE_STRING_H 1
| #define HAVE_MEMORY_H 1
| #define HAVE_STRINGS_H 1
| #define HAVE_INTTYPES_H 1
| #define HAVE_STDINT_H 1
| #define HAVE_UNISTD_H 1
| #define HAVE_FCNTL_H 1
| /* end confdefs.h.  */
| #include <sys/dlpi.h>
configure:3546: result: no
configure:3574: checking for sys/dlpi.h
configure:3582: result: no
configure:3470: checking sys/ioctl.h usability
configure:3487: gcc -c -g -O2  conftest.c >&5
configure:3493: $? = 0
configure:3507: result: yes
configure:3511: checking sys/ioctl.h presence
configure:3526: gcc -E  conftest.c
configure:3532: $? = 0
configure:3546: result: yes
configure:3574: checking for sys/ioctl.h
configure:3582: result: yes
configure:3470: checking sys/time.h usability
configure:3487: gcc -c -g -O2  conftest.c >&5
configure:3493: $? = 0
configure:3507: result: yes
configure:3511: checking sys/time.h presence
configure:3526: gcc -E  conftest.c
configure:3532: $? = 0
configure:3546: result: yes
configure:3574: checking for sys/time.h
configure:3582: result: yes
configure:3470: checking syslog.h usability
configure:3487: gcc -c -g -O2  conftest.c >&5
configure:3493: $? = 0
configure:3507: result: yes
configure:3511: checking syslog.h presence
configure:3526: gcc -E  conftest.c
configure:3532: $? = 0
configure:3546: result: yes
configure:3574: checking for syslog.h
configure:3582: result: yes
configure:3460: checking for unistd.h
configure:3466: result: yes
configure:3470: checking net/if_arp.h usability
configure:3487: gcc -c -g -O2  conftest.c >&5
configure:3493: $? = 0
configure:3507: result: yes
configure:3511: checking net/if_arp.h presence
configure:3526: gcc -E  conftest.c
configure:3532: $? = 0
configure:3546: result: yes
configure:3574: checking for net/if_arp.h
configure:3582: result: yes
configure:3470: checking netinet/if_ether.h usability
configure:3487: gcc -c -g -O2  conftest.c >&5
configure:3493: $? = 0
configure:3507: result: yes
configure:3511: checking netinet/if_ether.h presence
configure:3526: gcc -E  conftest.c
configure:3532: $? = 0
configure:3546: result: yes
configure:3574: checking for netinet/if_ether.h
configure:3582: result: yes
configure:3470: checking getopt.h usability
configure:3487: gcc -c -g -O2  conftest.c >&5
configure:3493: $? = 0
configure:3507: result: yes
configure:3511: checking getopt.h presence
configure:3526: gcc -E  conftest.c
configure:3532: $? = 0
configure:3546: result: yes
configure:3574: checking for getopt.h
configure:3582: result: yes
configure:3470: checking sys/uio.h usability
configure:3487: gcc -c -g -O2  conftest.c >&5
configure:3493: $? = 0
configure:3507: result: yes
configure:3511: checking sys/uio.h presence
configure:3526: gcc -E  conftest.c
configure:3532: $? = 0
configure:3546: result: yes
configure:3574: checking for sys/uio.h
configure:3582: result: yes
configure:3470: checking sys/param.h usability
configure:3487: gcc -c -g -O2  conftest.c >&5
configure:3493: $? = 0
configure:3507: result: yes
configure:3511: checking sys/param.h presence
configure:3526: gcc -E  conftest.c
configure:3532: $? = 0
configure:3546: result: yes
configure:3574: checking for sys/param.h
configure:3582: result: yes
configure:3460: checking for fcntl.h
configure:3466: result: yes
configure:3470: checking net/bpf.h usability
configure:3487: gcc -c -g -O2  conftest.c >&5
configure:3493: $? = 0
configure:3507: result: yes
configure:3511: checking net/bpf.h presence
configure:3526: gcc -E  conftest.c
configure:3532: $? = 0
configure:3546: result: yes
configure:3574: checking for net/bpf.h
configure:3582: result: yes
configure:3470: checking netpacket/packet.h usability
configure:3487: gcc -c -g -O2  conftest.c >&5
configure:3493: $? = 0
configure:3507: result: yes
configure:3511: checking netpacket/packet.h presence
configure:3526: gcc -E  conftest.c
configure:3532: $? = 0
configure:3546: result: yes
configure:3574: checking for netpacket/packet.h
configure:3582: result: yes
configure:3470: checking net/ethernet.h usability
configure:3487: gcc -c -g -O2  conftest.c >&5
configure:3493: $? = 0
configure:3507: result: yes
configure:3511: checking net/ethernet.h presence
configure:3526: gcc -E  conftest.c
configure:3532: $? = 0
configure:3546: result: yes
configure:3574: checking for net/ethernet.h
configure:3582: result: yes
configure:3470: checking asm/types.h usability
configure:3487: gcc -c -g -O2  conftest.c >&5
configure:3493: $? = 0
configure:3507: result: yes
configure:3511: checking asm/types.h presence
configure:3526: gcc -E  conftest.c
configure:3532: $? = 0
configure:3546: result: yes
configure:3574: checking for asm/types.h
configure:3582: result: yes
configure:3470: checking linux/if_packet.h usability
configure:3487: gcc -c -g -O2  conftest.c >&5
configure:3493: $? = 0
configure:3507: result: yes
configure:3511: checking linux/if_packet.h presence
configure:3526: gcc -E  conftest.c
configure:3532: $? = 0
configure:3546: result: yes
configure:3574: checking for linux/if_packet.h
configure:3582: result: yes
configure:3470: checking linux/if_ether.h usability
configure:3487: gcc -c -g -O2  conftest.c >&5
configure:3493: $? = 0
configure:3507: result: yes
configure:3511: checking linux/if_ether.h presence
configure:3526: gcc -E  conftest.c
configure:3532: $? = 0
configure:3546: result: yes
configure:3574: checking for linux/if_ether.h
configure:3582: result: yes
configure:3470: checking sys/socket.h usability
configure:3487: gcc -c -g -O2  conftest.c >&5
configure:3493: $? = 0
configure:3507: result: yes
configure:3511: checking sys/socket.h presence
configure:3526: gcc -E  conftest.c
configure:3532: $? = 0
configure:3546: result: yes
configure:3574: checking for sys/socket.h
configure:3582: result: yes
configure:3470: checking sys/cdefs.h usability
configure:3487: gcc -c -g -O2  conftest.c >&5
configure:3493: $? = 0
configure:3507: result: yes
configure:3511: checking sys/cdefs.h presence
configure:3526: gcc -E  conftest.c
configure:3532: $? = 0
configure:3546: result: yes
configure:3574: checking for sys/cdefs.h
configure:3582: result: yes
configure:3470: checking net/if.h usability
configure:3487: gcc -c -g -O2  conftest.c >&5
configure:3493: $? = 0
configure:3507: result: yes
configure:3511: checking net/if.h presence
configure:3526: gcc -E  conftest.c
configure:3532: $? = 0
configure:3546: result: yes
configure:3574: checking for net/if.h
configure:3582: result: yes
configure:3470: checking net/if_dl.h usability
configure:3487: gcc -c -g -O2  conftest.c >&5
conftest.c:72:23: net/if_dl.h: No such file or directory
configure:3493: $? = 1
configure: failed program was:
| /* confdefs.h.  */
| #define PACKAGE_NAME ""
| #define PACKAGE_TARNAME ""
| #define PACKAGE_VERSION ""
| #define PACKAGE_STRING ""
| #define PACKAGE_BUGREPORT ""
| #define STDC_HEADERS 1
| #define HAVE_SYS_WAIT_H 1
| #define HAVE_SYS_TYPES_H 1
| #define HAVE_SYS_STAT_H 1
| #define HAVE_STDLIB_H 1
| #define HAVE_STRING_H 1
| #define HAVE_MEMORY_H 1
| #define HAVE_STRINGS_H 1
| #define HAVE_INTTYPES_H 1
| #define HAVE_STDINT_H 1
| #define HAVE_UNISTD_H 1
| #define HAVE_FCNTL_H 1
| #define HAVE_SYS_IOCTL_H 1
| #define HAVE_SYS_TIME_H 1
| #define HAVE_SYSLOG_H 1
| #define HAVE_UNISTD_H 1
| #define HAVE_NET_IF_ARP_H 1
| #define HAVE_NETINET_IF_ETHER_H 1
| #define HAVE_GETOPT_H 1
| #define HAVE_SYS_UIO_H 1
| #define HAVE_SYS_PARAM_H 1
| #define HAVE_FCNTL_H 1
| #define HAVE_NET_BPF_H 1
| #define HAVE_NETPACKET_PACKET_H 1
| #define HAVE_NET_ETHERNET_H 1
| #define HAVE_ASM_TYPES_H 1
| #define HAVE_LINUX_IF_PACKET_H 1
| #define HAVE_LINUX_IF_ETHER_H 1
| #define HAVE_SYS_SOCKET_H 1
| #define HAVE_SYS_CDEFS_H 1
| #define HAVE_NET_IF_H 1
| /* end confdefs.h.  */
| #include <stdio.h>
| #ifdef HAVE_SYS_TYPES_H
| # include <sys/types.h>
| #endif
| #ifdef HAVE_SYS_STAT_H
| # include <sys/stat.h>
| #endif
| #ifdef STDC_HEADERS
| # include <stdlib.h>
| # include <stddef.h>
| #else
| # ifdef HAVE_STDLIB_H
| #  include <stdlib.h>
| # endif
| #endif
| #ifdef HAVE_STRING_H
| # if !defined STDC_HEADERS && defined HAVE_MEMORY_H
| #  include <memory.h>
| # endif
| # include <string.h>
| #endif
| #ifdef HAVE_STRINGS_H
| # include <strings.h>
| #endif
| #ifdef HAVE_INTTYPES_H
| # include <inttypes.h>
| #endif
| #ifdef HAVE_STDINT_H
| # include <stdint.h>
| #endif
| #ifdef HAVE_UNISTD_H
| # include <unistd.h>
| #endif
| #include <net/if_dl.h>
configure:3507: result: no
configure:3511: checking net/if_dl.h presence
configure:3526: gcc -E  conftest.c
conftest.c:39:23: net/if_dl.h: No such file or directory
configure:3532: $? = 1
configure: failed program was:
| /* confdefs.h.  */
| #define PACKAGE_NAME ""
| #define PACKAGE_TARNAME ""
| #define PACKAGE_VERSION ""
| #define PACKAGE_STRING ""
| #define PACKAGE_BUGREPORT ""
| #define STDC_HEADERS 1
| #define HAVE_SYS_WAIT_H 1
| #define HAVE_SYS_TYPES_H 1
| #define HAVE_SYS_STAT_H 1
| #define HAVE_STDLIB_H 1
| #define HAVE_STRING_H 1
| #define HAVE_MEMORY_H 1
| #define HAVE_STRINGS_H 1
| #define HAVE_INTTYPES_H 1
| #define HAVE_STDINT_H 1
| #define HAVE_UNISTD_H 1
| #define HAVE_FCNTL_H 1
| #define HAVE_SYS_IOCTL_H 1
| #define HAVE_SYS_TIME_H 1
| #define HAVE_SYSLOG_H 1
| #define HAVE_UNISTD_H 1
| #define HAVE_NET_IF_ARP_H 1
| #define HAVE_NETINET_IF_ETHER_H 1
| #define HAVE_GETOPT_H 1
| #define HAVE_SYS_UIO_H 1
| #define HAVE_SYS_PARAM_H 1
| #define HAVE_FCNTL_H 1
| #define HAVE_NET_BPF_H 1
| #define HAVE_NETPACKET_PACKET_H 1
| #define HAVE_NET_ETHERNET_H 1
| #define HAVE_ASM_TYPES_H 1
| #define HAVE_LINUX_IF_PACKET_H 1
| #define HAVE_LINUX_IF_ETHER_H 1
| #define HAVE_SYS_SOCKET_H 1
| #define HAVE_SYS_CDEFS_H 1
| #define HAVE_NET_IF_H 1
| /* end confdefs.h.  */
| #include <net/if_dl.h>
configure:3546: result: no
configure:3574: checking for net/if_dl.h
configure:3582: result: no
configure:3470: checking net/if_ether.h usability
configure:3487: gcc -c -g -O2  conftest.c >&5
conftest.c:72:26: net/if_ether.h: No such file or directory
configure:3493: $? = 1
configure: failed program was:
| /* confdefs.h.  */
| #define PACKAGE_NAME ""
| #define PACKAGE_TARNAME ""
| #define PACKAGE_VERSION ""
| #define PACKAGE_STRING ""
| #define PACKAGE_BUGREPORT ""
| #define STDC_HEADERS 1
| #define HAVE_SYS_WAIT_H 1
| #define HAVE_SYS_TYPES_H 1
| #define HAVE_SYS_STAT_H 1
| #define HAVE_STDLIB_H 1
| #define HAVE_STRING_H 1
| #define HAVE_MEMORY_H 1
| #define HAVE_STRINGS_H 1
| #define HAVE_INTTYPES_H 1
| #define HAVE_STDINT_H 1
| #define HAVE_UNISTD_H 1
| #define HAVE_FCNTL_H 1
| #define HAVE_SYS_IOCTL_H 1
| #define HAVE_SYS_TIME_H 1
| #define HAVE_SYSLOG_H 1
| #define HAVE_UNISTD_H 1
| #define HAVE_NET_IF_ARP_H 1
| #define HAVE_NETINET_IF_ETHER_H 1
| #define HAVE_GETOPT_H 1
| #define HAVE_SYS_UIO_H 1
| #define HAVE_SYS_PARAM_H 1
| #define HAVE_FCNTL_H 1
| #define HAVE_NET_BPF_H 1
| #define HAVE_NETPACKET_PACKET_H 1
| #define HAVE_NET_ETHERNET_H 1
| #define HAVE_ASM_TYPES_H 1
| #define HAVE_LINUX_IF_PACKET_H 1
| #define HAVE_LINUX_IF_ETHER_H 1
| #define HAVE_SYS_SOCKET_H 1
| #define HAVE_SYS_CDEFS_H 1
| #define HAVE_NET_IF_H 1
| /* end confdefs.h.  */
| #include <stdio.h>
| #ifdef HAVE_SYS_TYPES_H
| # include <sys/types.h>
| #endif
| #ifdef HAVE_SYS_STAT_H
| # include <sys/stat.h>
| #endif
| #ifdef STDC_HEADERS
| # include <stdlib.h>
| # include <stddef.h>
| #else
| # ifdef HAVE_STDLIB_H
| #  include <stdlib.h>
| # endif
| #endif
| #ifdef HAVE_STRING_H
| # if !defined STDC_HEADERS && defined HAVE_MEMORY_H
| #  include <memory.h>
| # endif
| # include <string.h>
| #endif
| #ifdef HAVE_STRINGS_H
| # include <strings.h>
| #endif
| #ifdef HAVE_INTTYPES_H
| # include <inttypes.h>
| #endif
| #ifdef HAVE_STDINT_H
| # include <stdint.h>
| #endif
| #ifdef HAVE_UNISTD_H
| # include <unistd.h>
| #endif
| #include <net/if_ether.h>
configure:3507: result: no
configure:3511: checking net/if_ether.h presence
configure:3526: gcc -E  conftest.c
conftest.c:39:26: net/if_ether.h: No such file or directory
configure:3532: $? = 1
configure: failed program was:
| /* confdefs.h.  */
| #define PACKAGE_NAME ""
| #define PACKAGE_TARNAME ""
| #define PACKAGE_VERSION ""
| #define PACKAGE_STRING ""
| #define PACKAGE_BUGREPORT ""
| #define STDC_HEADERS 1
| #define HAVE_SYS_WAIT_H 1
| #define HAVE_SYS_TYPES_H 1
| #define HAVE_SYS_STAT_H 1
| #define HAVE_STDLIB_H 1
| #define HAVE_STRING_H 1
| #define HAVE_MEMORY_H 1
| #define HAVE_STRINGS_H 1
| #define HAVE_INTTYPES_H 1
| #define HAVE_STDINT_H 1
| #define HAVE_UNISTD_H 1
| #define HAVE_FCNTL_H 1
| #define HAVE_SYS_IOCTL_H 1
| #define HAVE_SYS_TIME_H 1
| #define HAVE_SYSLOG_H 1
| #define HAVE_UNISTD_H 1
| #define HAVE_NET_IF_ARP_H 1
| #define HAVE_NETINET_IF_ETHER_H 1
| #define HAVE_GETOPT_H 1
| #define HAVE_SYS_UIO_H 1
| #define HAVE_SYS_PARAM_H 1
| #define HAVE_FCNTL_H 1
| #define HAVE_NET_BPF_H 1
| #define HAVE_NETPACKET_PACKET_H 1
| #define HAVE_NET_ETHERNET_H 1
| #define HAVE_ASM_TYPES_H 1
| #define HAVE_LINUX_IF_PACKET_H 1
| #define HAVE_LINUX_IF_ETHER_H 1
| #define HAVE_SYS_SOCKET_H 1
| #define HAVE_SYS_CDEFS_H 1
| #define HAVE_NET_IF_H 1
| /* end confdefs.h.  */
| #include <net/if_ether.h>
configure:3546: result: no
configure:3574: checking for net/if_ether.h
configure:3582: result: no
configure:3470: checking net/if_types.h usability
configure:3487: gcc -c -g -O2  conftest.c >&5
conftest.c:72:26: net/if_types.h: No such file or directory
configure:3493: $? = 1
configure: failed program was:
| /* confdefs.h.  */
| #define PACKAGE_NAME ""
| #define PACKAGE_TARNAME ""
| #define PACKAGE_VERSION ""
| #define PACKAGE_STRING ""
| #define PACKAGE_BUGREPORT ""
| #define STDC_HEADERS 1
| #define HAVE_SYS_WAIT_H 1
| #define HAVE_SYS_TYPES_H 1
| #define HAVE_SYS_STAT_H 1
| #define HAVE_STDLIB_H 1
| #define HAVE_STRING_H 1
| #define HAVE_MEMORY_H 1
| #define HAVE_STRINGS_H 1
| #define HAVE_INTTYPES_H 1
| #define HAVE_STDINT_H 1
| #define HAVE_UNISTD_H 1
| #define HAVE_FCNTL_H 1
| #define HAVE_SYS_IOCTL_H 1
| #define HAVE_SYS_TIME_H 1
| #define HAVE_SYSLOG_H 1
| #define HAVE_UNISTD_H 1
| #define HAVE_NET_IF_ARP_H 1
| #define HAVE_NETINET_IF_ETHER_H 1
| #define HAVE_GETOPT_H 1
| #define HAVE_SYS_UIO_H 1
| #define HAVE_SYS_PARAM_H 1
| #define HAVE_FCNTL_H 1
| #define HAVE_NET_BPF_H 1
| #define HAVE_NETPACKET_PACKET_H 1
| #define HAVE_NET_ETHERNET_H 1
| #define HAVE_ASM_TYPES_H 1
| #define HAVE_LINUX_IF_PACKET_H 1
| #define HAVE_LINUX_IF_ETHER_H 1
| #define HAVE_SYS_SOCKET_H 1
| #define HAVE_SYS_CDEFS_H 1
| #define HAVE_NET_IF_H 1
| /* end confdefs.h.  */
| #include <stdio.h>
| #ifdef HAVE_SYS_TYPES_H
| # include <sys/types.h>
| #endif
| #ifdef HAVE_SYS_STAT_H
| # include <sys/stat.h>
| #endif
| #ifdef STDC_HEADERS
| # include <stdlib.h>
| # include <stddef.h>
| #else
| # ifdef HAVE_STDLIB_H
| #  include <stdlib.h>
| # endif
| #endif
| #ifdef HAVE_STRING_H
| # if !defined STDC_HEADERS && defined HAVE_MEMORY_H
| #  include <memory.h>
| # endif
| # include <string.h>
| #endif
| #ifdef HAVE_STRINGS_H
| # include <strings.h>
| #endif
| #ifdef HAVE_INTTYPES_H
| # include <inttypes.h>
| #endif
| #ifdef HAVE_STDINT_H
| # include <stdint.h>
| #endif
| #ifdef HAVE_UNISTD_H
| # include <unistd.h>
| #endif
| #include <net/if_types.h>
configure:3507: result: no
configure:3511: checking net/if_types.h presence
configure:3526: gcc -E  conftest.c
conftest.c:39:26: net/if_types.h: No such file or directory
configure:3532: $? = 1
configure: failed program was:
| /* confdefs.h.  */
| #define PACKAGE_NAME ""
| #define PACKAGE_TARNAME ""
| #define PACKAGE_VERSION ""
| #define PACKAGE_STRING ""
| #define PACKAGE_BUGREPORT ""
| #define STDC_HEADERS 1
| #define HAVE_SYS_WAIT_H 1
| #define HAVE_SYS_TYPES_H 1
| #define HAVE_SYS_STAT_H 1
| #define HAVE_STDLIB_H 1
| #define HAVE_STRING_H 1
| #define HAVE_MEMORY_H 1
| #define HAVE_STRINGS_H 1
| #define HAVE_INTTYPES_H 1
| #define HAVE_STDINT_H 1
| #define HAVE_UNISTD_H 1
| #define HAVE_FCNTL_H 1
| #define HAVE_SYS_IOCTL_H 1
| #define HAVE_SYS_TIME_H 1
| #define HAVE_SYSLOG_H 1
| #define HAVE_UNISTD_H 1
| #define HAVE_NET_IF_ARP_H 1
| #define HAVE_NETINET_IF_ETHER_H 1
| #define HAVE_GETOPT_H 1
| #define HAVE_SYS_UIO_H 1
| #define HAVE_SYS_PARAM_H 1
| #define HAVE_FCNTL_H 1
| #define HAVE_NET_BPF_H 1
| #define HAVE_NETPACKET_PACKET_H 1
| #define HAVE_NET_ETHERNET_H 1
| #define HAVE_ASM_TYPES_H 1
| #define HAVE_LINUX_IF_PACKET_H 1
| #define HAVE_LINUX_IF_ETHER_H 1
| #define HAVE_SYS_SOCKET_H 1
| #define HAVE_SYS_CDEFS_H 1
| #define HAVE_NET_IF_H 1
| /* end confdefs.h.  */
| #include <net/if_types.h>
configure:3546: result: no
configure:3574: checking for net/if_types.h
configure:3582: result: no
configure:3460: checking for netinet/if_ether.h
configure:3466: result: yes
configure:3460: checking for net/if_types.h
configure:3466: result: no
configure:3460: checking for net/if_dl.h
configure:3466: result: no
configure:3599: checking for linux/if.h
configure:3620: gcc -c -g -O2  conftest.c >&5
configure:3626: $? = 0
configure:3642: result: yes
configure:3657: checking for linux/if_pppox.h
configure:3683: gcc -c -g -O2  conftest.c >&5
configure:3689: $? = 0
configure:3705: result: yes
configure:3717: checking for an ANSI C-conforming const
configure:3792: gcc -c -g -O2  conftest.c >&5
configure:3798: $? = 0
configure:3813: result: yes
configure:3823: checking for pid_t
configure:3853: gcc -c -g -O2  conftest.c >&5
configure:3859: $? = 0
configure:3874: result: yes
configure:3886: checking whether time.h and sys/time.h may both be included
configure:3916: gcc -c -g -O2  conftest.c >&5
configure:3922: $? = 0
configure:3937: result: yes
configure:3947: checking whether struct tm is in sys/time.h or time.h
configure:3977: gcc -c -g -O2  conftest.c >&5
configure:3983: $? = 0
configure:3998: result: time.h
configure:4009: checking for struct sockaddr_ll
configure:4035: gcc -c -g -O2  conftest.c >&5
configure:4041: $? = 0
configure:4055: result: yes
configure:4065: checking for N_HDLC line discipline
configure:4088: gcc -c -g -O2  conftest.c >&5
configure:4094: $? = 0
configure:4108: result: yes
configure:4206: checking for working memcmp
configure:4259: gcc -o conftest -g -O2   conftest.c  >&5
configure:4262: $? = 0
configure:4268: ./conftest
configure:4271: $? = 0
configure:4287: result: yes
configure:4296: checking for function prototypes
configure:4299: result: yes
configure:4316: checking whether setvbuf arguments are reversed
configure:4346: gcc -o conftest -g -O2   conftest.c  >&5
conftest.c:50: error: conflicting types for 'setvbuf'
/usr/include/stdio.h:302: error: previous declaration of 'setvbuf' was here
conftest.c:50: error: conflicting types for 'setvbuf'
/usr/include/stdio.h:302: error: previous declaration of 'setvbuf' was here
configure:4352: $? = 1
configure: failed program was:
| /* confdefs.h.  */
| #define PACKAGE_NAME ""
| #define PACKAGE_TARNAME ""
| #define PACKAGE_VERSION ""
| #define PACKAGE_STRING ""
| #define PACKAGE_BUGREPORT ""
| #define STDC_HEADERS 1
| #define HAVE_SYS_WAIT_H 1
| #define HAVE_SYS_TYPES_H 1
| #define HAVE_SYS_STAT_H 1
| #define HAVE_STDLIB_H 1
| #define HAVE_STRING_H 1
| #define HAVE_MEMORY_H 1
| #define HAVE_STRINGS_H 1
| #define HAVE_INTTYPES_H 1
| #define HAVE_STDINT_H 1
| #define HAVE_UNISTD_H 1
| #define HAVE_FCNTL_H 1
| #define HAVE_SYS_IOCTL_H 1
| #define HAVE_SYS_TIME_H 1
| #define HAVE_SYSLOG_H 1
| #define HAVE_UNISTD_H 1
| #define HAVE_NET_IF_ARP_H 1
| #define HAVE_NETINET_IF_ETHER_H 1
| #define HAVE_GETOPT_H 1
| #define HAVE_SYS_UIO_H 1
| #define HAVE_SYS_PARAM_H 1
| #define HAVE_FCNTL_H 1
| #define HAVE_NET_BPF_H 1
| #define HAVE_NETPACKET_PACKET_H 1
| #define HAVE_NET_ETHERNET_H 1
| #define HAVE_ASM_TYPES_H 1
| #define HAVE_LINUX_IF_PACKET_H 1
| #define HAVE_LINUX_IF_ETHER_H 1
| #define HAVE_SYS_SOCKET_H 1
| #define HAVE_SYS_CDEFS_H 1
| #define HAVE_NET_IF_H 1
| #define HAVE_NETINET_IF_ETHER_H 1
| #define HAVE_LINUX_IF_H 1
| #define HAVE_LINUX_IF_PPPOX_H 1
| #define TIME_WITH_SYS_TIME 1
| #define HAVE_STRUCT_SOCKADDR_LL 1
| #define HAVE_N_HDLC 1
| #define DEBUGGING_ENABLED 1
| #define PROTOTYPES 1
| #define __PROTOTYPES 1
| /* end confdefs.h.  */
| #include <stdio.h>
| #	  ifdef PROTOTYPES
| 	   int (setvbuf) (FILE *, int, char *, size_t);
| #	  endif
| int
| main ()
| {
| char buf; return setvbuf (stdout, _IOLBF, &buf, 1);
|   ;
|   return 0;
| }
configure:4473: result: no
configure:4483: checking return type of signal handlers
configure:4511: gcc -c -g -O2  conftest.c >&5
conftest.c: In function `main':
conftest.c:54: error: void value not ignored as it ought to be
configure:4517: $? = 1
configure: failed program was:
| /* confdefs.h.  */
| #define PACKAGE_NAME ""
| #define PACKAGE_TARNAME ""
| #define PACKAGE_VERSION ""
| #define PACKAGE_STRING ""
| #define PACKAGE_BUGREPORT ""
| #define STDC_HEADERS 1
| #define HAVE_SYS_WAIT_H 1
| #define HAVE_SYS_TYPES_H 1
| #define HAVE_SYS_STAT_H 1
| #define HAVE_STDLIB_H 1
| #define HAVE_STRING_H 1
| #define HAVE_MEMORY_H 1
| #define HAVE_STRINGS_H 1
| #define HAVE_INTTYPES_H 1
| #define HAVE_STDINT_H 1
| #define HAVE_UNISTD_H 1
| #define HAVE_FCNTL_H 1
| #define HAVE_SYS_IOCTL_H 1
| #define HAVE_SYS_TIME_H 1
| #define HAVE_SYSLOG_H 1
| #define HAVE_UNISTD_H 1
| #define HAVE_NET_IF_ARP_H 1
| #define HAVE_NETINET_IF_ETHER_H 1
| #define HAVE_GETOPT_H 1
| #define HAVE_SYS_UIO_H 1
| #define HAVE_SYS_PARAM_H 1
| #define HAVE_FCNTL_H 1
| #define HAVE_NET_BPF_H 1
| #define HAVE_NETPACKET_PACKET_H 1
| #define HAVE_NET_ETHERNET_H 1
| #define HAVE_ASM_TYPES_H 1
| #define HAVE_LINUX_IF_PACKET_H 1
| #define HAVE_LINUX_IF_ETHER_H 1
| #define HAVE_SYS_SOCKET_H 1
| #define HAVE_SYS_CDEFS_H 1
| #define HAVE_NET_IF_H 1
| #define HAVE_NETINET_IF_ETHER_H 1
| #define HAVE_LINUX_IF_H 1
| #define HAVE_LINUX_IF_PPPOX_H 1
| #define TIME_WITH_SYS_TIME 1
| #define HAVE_STRUCT_SOCKADDR_LL 1
| #define HAVE_N_HDLC 1
| #define DEBUGGING_ENABLED 1
| #define PROTOTYPES 1
| #define __PROTOTYPES 1
| /* end confdefs.h.  */
| #include <sys/types.h>
| #include <signal.h>
| 
| int
| main ()
| {
| return *(signal (0, 0)) (0) == 1;
|   ;
|   return 0;
| }
configure:4532: result: void
configure:4547: checking for select
configure:4603: gcc -o conftest -g -O2   conftest.c  >&5
configure:4609: $? = 0
configure:4627: result: yes
configure:4547: checking for socket
configure:4603: gcc -o conftest -g -O2   conftest.c  >&5
configure:4609: $? = 0
configure:4627: result: yes
configure:4547: checking for strerror
configure:4603: gcc -o conftest -g -O2   conftest.c  >&5
configure:4609: $? = 0
configure:4627: result: yes
configure:4547: checking for strtol
configure:4603: gcc -o conftest -g -O2   conftest.c  >&5
configure:4609: $? = 0
configure:4627: result: yes
configure:4681: checking for a BSD-compatible install
configure:4737: result: /bin/install -c
configure:4749: checking for unsigned short
configure:4779: gcc -c -g -O2  conftest.c >&5
configure:4785: $? = 0
configure:4800: result: yes
configure:4807: checking size of unsigned short
configure:5109: gcc -o conftest -g -O2   conftest.c  >&5
configure:5112: $? = 0
configure:5118: ./conftest
configure:5121: $? = 0
configure:5144: result: 2
configure:5154: checking for unsigned int
configure:5184: gcc -c -g -O2  conftest.c >&5
configure:5190: $? = 0
configure:5205: result: yes
configure:5212: checking size of unsigned int
configure:5514: gcc -o conftest -g -O2   conftest.c  >&5
configure:5517: $? = 0
configure:5523: ./conftest
configure:5526: $? = 0
configure:5549: result: 4
configure:5559: checking for unsigned long
configure:5589: gcc -c -g -O2  conftest.c >&5
configure:5595: $? = 0
configure:5610: result: yes
configure:5617: checking size of unsigned long
configure:5919: gcc -o conftest -g -O2   conftest.c  >&5
configure:5922: $? = 0
configure:5928: ./conftest
configure:5931: $? = 0
configure:5954: result: 4
configure:5967: checking for pppd
configure:5986: found /usr/sbin/pppd
configure:5999: result: /usr/sbin/pppd
configure:6009: checking for echo
configure:6027: found /bin/echo
configure:6040: result: /bin/echo
configure:6051: checking for setsid
configure:6070: found /usr/bin/setsid
configure:6083: result: /usr/bin/setsid
configure:6094: checking for id
configure:6113: found /usr/bin/id
configure:6126: result: /usr/bin/id
configure:6135: checking for Linux 2.4.X kernel-mode PPPoE support
configure:6176: gcc -o conftest -g -O2   conftest.c  >&5
configure:6179: $? = 0
configure:6185: ./conftest
configure:6188: $? = 1
configure: program exited with status 1
configure: failed program was:
| /* confdefs.h.  */
| #define PACKAGE_NAME ""
| #define PACKAGE_TARNAME ""
| #define PACKAGE_VERSION ""
| #define PACKAGE_STRING ""
| #define PACKAGE_BUGREPORT ""
| #define STDC_HEADERS 1
| #define HAVE_SYS_WAIT_H 1
| #define HAVE_SYS_TYPES_H 1
| #define HAVE_SYS_STAT_H 1
| #define HAVE_STDLIB_H 1
| #define HAVE_STRING_H 1
| #define HAVE_MEMORY_H 1
| #define HAVE_STRINGS_H 1
| #define HAVE_INTTYPES_H 1
| #define HAVE_STDINT_H 1
| #define HAVE_UNISTD_H 1
| #define HAVE_FCNTL_H 1
| #define HAVE_SYS_IOCTL_H 1
| #define HAVE_SYS_TIME_H 1
| #define HAVE_SYSLOG_H 1
| #define HAVE_UNISTD_H 1
| #define HAVE_NET_IF_ARP_H 1
| #define HAVE_NETINET_IF_ETHER_H 1
| #define HAVE_GETOPT_H 1
| #define HAVE_SYS_UIO_H 1
| #define HAVE_SYS_PARAM_H 1
| #define HAVE_FCNTL_H 1
| #define HAVE_NET_BPF_H 1
| #define HAVE_NETPACKET_PACKET_H 1
| #define HAVE_NET_ETHERNET_H 1
| #define HAVE_ASM_TYPES_H 1
| #define HAVE_LINUX_IF_PACKET_H 1
| #define HAVE_LINUX_IF_ETHER_H 1
| #define HAVE_SYS_SOCKET_H 1
| #define HAVE_SYS_CDEFS_H 1
| #define HAVE_NET_IF_H 1
| #define HAVE_NETINET_IF_ETHER_H 1
| #define HAVE_LINUX_IF_H 1
| #define HAVE_LINUX_IF_PPPOX_H 1
| #define TIME_WITH_SYS_TIME 1
| #define HAVE_STRUCT_SOCKADDR_LL 1
| #define HAVE_N_HDLC 1
| #define DEBUGGING_ENABLED 1
| #define PROTOTYPES 1
| #define __PROTOTYPES 1
| #define RETSIGTYPE void
| #define HAVE_SELECT 1
| #define HAVE_SOCKET 1
| #define HAVE_STRERROR 1
| #define HAVE_STRTOL 1
| #define SIZEOF_UNSIGNED_SHORT 2
| #define SIZEOF_UNSIGNED_INT 4
| #define SIZEOF_UNSIGNED_LONG 4
| /* end confdefs.h.  */
| #include <sys/socket.h>
| #include <net/ethernet.h>
| #include <linux/if.h>
| #include <linux/in.h>
| #include <linux/if_pppox.h>
| int main()
| {
| 	if (socket(AF_PPPOX, SOCK_DGRAM, PX_PROTO_OE) >= 0) return 0; else return 1;
| }
| 
configure:6210: result: no
configure:6269: checking packing order of bit fields
configure:6310: gcc -o conftest -g -O2 -Wall -Wstrict-prototypes   conftest.c  >&5
configure:6313: $? = 0
configure:6319: ./conftest
configure:6322: $? = 1
configure: program exited with status 1
configure: failed program was:
| /* confdefs.h.  */
| #define PACKAGE_NAME ""
| #define PACKAGE_TARNAME ""
| #define PACKAGE_VERSION ""
| #define PACKAGE_STRING ""
| #define PACKAGE_BUGREPORT ""
| #define STDC_HEADERS 1
| #define HAVE_SYS_WAIT_H 1
| #define HAVE_SYS_TYPES_H 1
| #define HAVE_SYS_STAT_H 1
| #define HAVE_STDLIB_H 1
| #define HAVE_STRING_H 1
| #define HAVE_MEMORY_H 1
| #define HAVE_STRINGS_H 1
| #define HAVE_INTTYPES_H 1
| #define HAVE_STDINT_H 1
| #define HAVE_UNISTD_H 1
| #define HAVE_FCNTL_H 1
| #define HAVE_SYS_IOCTL_H 1
| #define HAVE_SYS_TIME_H 1
| #define HAVE_SYSLOG_H 1
| #define HAVE_UNISTD_H 1
| #define HAVE_NET_IF_ARP_H 1
| #define HAVE_NETINET_IF_ETHER_H 1
| #define HAVE_GETOPT_H 1
| #define HAVE_SYS_UIO_H 1
| #define HAVE_SYS_PARAM_H 1
| #define HAVE_FCNTL_H 1
| #define HAVE_NET_BPF_H 1
| #define HAVE_NETPACKET_PACKET_H 1
| #define HAVE_NET_ETHERNET_H 1
| #define HAVE_ASM_TYPES_H 1
| #define HAVE_LINUX_IF_PACKET_H 1
| #define HAVE_LINUX_IF_ETHER_H 1
| #define HAVE_SYS_SOCKET_H 1
| #define HAVE_SYS_CDEFS_H 1
| #define HAVE_NET_IF_H 1
| #define HAVE_NETINET_IF_ETHER_H 1
| #define HAVE_LINUX_IF_H 1
| #define HAVE_LINUX_IF_PPPOX_H 1
| #define TIME_WITH_SYS_TIME 1
| #define HAVE_STRUCT_SOCKADDR_LL 1
| #define HAVE_N_HDLC 1
| #define DEBUGGING_ENABLED 1
| #define PROTOTYPES 1
| #define __PROTOTYPES 1
| #define RETSIGTYPE void
| #define HAVE_SELECT 1
| #define HAVE_SOCKET 1
| #define HAVE_STRERROR 1
| #define HAVE_STRTOL 1
| #define SIZEOF_UNSIGNED_SHORT 2
| #define SIZEOF_UNSIGNED_INT 4
| #define SIZEOF_UNSIGNED_LONG 4
| /* end confdefs.h.  */
| 
| union foo {
|     struct bar {
| 	unsigned int ver:4;
| 	unsigned int type:4;
|     } bb;
|     unsigned char baz;
| };
| 
| int
| main(void)
| {
|     union foo x;
|     x.bb.ver = 1;
|     x.bb.type = 2;
|     if (x.baz == 0x21) {
| 	return 1;
|     } else if (x.baz == 0x12) {
| 	return 0;
|     } else {
| 	return 2;
|     }
| }
configure:6339: result: reversed
configure:6515: creating ./config.status

## ---------------------- ##
## Running config.status. ##
## ---------------------- ##

This file was extended by config.status, which was
generated by GNU Autoconf 2.61.  Invocation command line was

  CONFIG_FILES    = 
  CONFIG_HEADERS  = 
  CONFIG_LINKS    = 
  CONFIG_COMMANDS = 
  $ ./config.status 

on 192.168.0.90

config.status:626: creating Makefile
config.status:761: WARNING:  Makefile.in seems to ignore the --datarootdir setting
config.status:626: creating libevent/Makefile
config.status:626: creating ../scripts/pppoe-connect
config.status:626: creating ../scripts/pppoe-start
config.status:626: creating ../scripts/pppoe-stop
config.status:626: creating ../scripts/pppoe-init
config.status:626: creating ../scripts/pppoe-init-suse
config.status:626: creating ../scripts/pppoe-init-turbolinux
config.status:626: creating ../scripts/pppoe-setup
config.status:626: creating ../gui/Makefile
config.status:761: WARNING:  ../gui/Makefile.in seems to ignore the --datarootdir setting
config.status:626: creating ../gui/tkpppoe
config.status:626: creating config.h
configure:7546: result: On this platform, the following targets will be built:
configure:7548: result: pppoe pppoe-server pppoe-sniff pppoe-relay
configure:7550: result: Type 'make' to compile the software.

## ---------------- ##
## Cache variables. ##
## ---------------- ##

ac_cv_c_compiler_gnu=yes
ac_cv_c_const=yes
ac_cv_debugging=yes
ac_cv_env_CC_set=
ac_cv_env_CC_value=
ac_cv_env_CFLAGS_set=
ac_cv_env_CFLAGS_value=
ac_cv_env_CPPFLAGS_set=
ac_cv_env_CPPFLAGS_value=
ac_cv_env_CPP_set=
ac_cv_env_CPP_value=
ac_cv_env_LDFLAGS_set=
ac_cv_env_LDFLAGS_value=
ac_cv_env_LIBS_set=
ac_cv_env_LIBS_value=
ac_cv_env_build_alias_set=
ac_cv_env_build_alias_value=
ac_cv_env_host_alias_set=
ac_cv_env_host_alias_value=
ac_cv_env_target_alias_set=
ac_cv_env_target_alias_value=
ac_cv_func_memcmp_working=yes
ac_cv_func_select=yes
ac_cv_func_setvbuf_reversed=no
ac_cv_func_socket=yes
ac_cv_func_strerror=yes
ac_cv_func_strtol=yes
ac_cv_header_asm_types_h=yes
ac_cv_header_fcntl_h=yes
ac_cv_header_getopt_h=yes
ac_cv_header_inttypes_h=yes
ac_cv_header_linux_if_ether_h=yes
ac_cv_header_linux_if_h=yes
ac_cv_header_linux_if_packet_h=yes
ac_cv_header_linux_if_pppox_h=yes
ac_cv_header_memory_h=yes
ac_cv_header_net_bpf_h=yes
ac_cv_header_net_ethernet_h=yes
ac_cv_header_net_if_arp_h=yes
ac_cv_header_net_if_dl_h=no
ac_cv_header_net_if_ether_h=no
ac_cv_header_net_if_h=yes
ac_cv_header_net_if_types_h=no
ac_cv_header_netinet_if_ether_h=yes
ac_cv_header_netpacket_packet_h=yes
ac_cv_header_stdc=yes
ac_cv_header_stdint_h=yes
ac_cv_header_stdlib_h=yes
ac_cv_header_string_h=yes
ac_cv_header_strings_h=yes
ac_cv_header_sys_cdefs_h=yes
ac_cv_header_sys_dlpi_h=no
ac_cv_header_sys_ioctl_h=yes
ac_cv_header_sys_param_h=yes
ac_cv_header_sys_socket_h=yes
ac_cv_header_sys_stat_h=yes
ac_cv_header_sys_time_h=yes
ac_cv_header_sys_types_h=yes
ac_cv_header_sys_uio_h=yes
ac_cv_header_sys_wait_h=yes
ac_cv_header_syslog_h=yes
ac_cv_header_time=yes
ac_cv_header_unistd_h=yes
ac_cv_licpath=no
ac_cv_linux_kernel_pppoe=no
ac_cv_n_hdlc=yes
ac_cv_objext=o
ac_cv_path_ECHO=/bin/echo
ac_cv_path_EGREP='/bin/grep -E'
ac_cv_path_GREP=/bin/grep
ac_cv_path_ID=/usr/bin/id
ac_cv_path_PPPD=/usr/sbin/pppd
ac_cv_path_SETSID=/usr/bin/setsid
ac_cv_path_install='/bin/install -c'
ac_cv_pluginpath=no
ac_cv_prog_CPP='gcc -E'
ac_cv_prog_ac_ct_CC=gcc
ac_cv_prog_ac_ct_RANLIB=ranlib
ac_cv_prog_cc_c89=
ac_cv_prog_cc_g=yes
ac_cv_sizeof_unsigned_int=4
ac_cv_sizeof_unsigned_long=4
ac_cv_sizeof_unsigned_short=2
ac_cv_struct_sockaddr_ll=yes
ac_cv_struct_tm=time.h
ac_cv_type_pid_t=yes
ac_cv_type_signal=void
ac_cv_type_unsigned_int=yes
ac_cv_type_unsigned_long=yes
ac_cv_type_unsigned_short=yes
rpppoe_cv_pack_bitfields=rev

## ----------------- ##
## Output variables. ##
## ----------------- ##

CC='gcc'
CFLAGS='-g -O2 -Wall -Wstrict-prototypes'
CPP='gcc -E'
CPPFLAGS=''
DEFS='-DHAVE_CONFIG_H'
ECHO='/bin/echo'
ECHO_C=''
ECHO_N='-n'
ECHO_T=''
EGREP='/bin/grep -E'
EXEEXT=''
GREP='/bin/grep'
ID='/usr/bin/id'
INSTALL_DATA='${INSTALL} -m 644'
INSTALL_PROGRAM='${INSTALL}'
INSTALL_SCRIPT='${INSTALL}'
LDFLAGS=''
LIBEVENT='../libevent'
LIBOBJS=''
LIBS=''
LIC_DEFINE=''
LIC_INCDIR=''
LIC_LIB=''
LIC_LIBDIR=''
LIC_MAKEFILE_INCLUDE=''
LINUX_KERNELMODE_PLUGIN=''
LTLIBOBJS=''
OBJEXT='o'
PACKAGE_BUGREPORT=''
PACKAGE_NAME=''
PACKAGE_STRING=''
PACKAGE_TARNAME=''
PACKAGE_VERSION=''
PATH_SEPARATOR=':'
PPPD='/usr/sbin/pppd'
PPPD_H=''
PPPD_INCDIR='/usr/include'
PPPOE_RELAY='pppoe-relay'
PPPOE_SERVER_DEPS=''
RANLIB='ranlib'
RDYNAMIC=''
SETSID='/usr/bin/setsid'
SHELL='/bin/sh'
TARGETS='pppoe pppoe-server pppoe-sniff pppoe-relay'
WRAPPER='/usr/sbin/pppoe-wrapper'
ac_ct_CC='gcc'
bindir='${exec_prefix}/bin'
build_alias=''
datadir='${datarootdir}'
datadir_evaluated='${prefix}/share'
datarootdir='${prefix}/share'
docdir='${datarootdir}/doc/${PACKAGE}'
dvidir='${docdir}'
exec_prefix='${prefix}'
host_alias=''
htmldir='${docdir}'
includedir='${prefix}/include'
infodir='${datarootdir}/info'
libdir='${exec_prefix}/lib'
libexecdir='${exec_prefix}/libexec'
localedir='${datarootdir}/locale'
localstatedir='${prefix}/var'
mandir='${datarootdir}/man'
oldincludedir='/usr/include'
pdfdir='${docdir}'
prefix='/usr'
program_transform_name='s,x,x,'
psdir='${docdir}'
sbindir='${exec_prefix}/sbin'
sharedstatedir='${prefix}/com'
sysconfdir='${prefix}/etc'
target_alias=''

## ----------- ##
## confdefs.h. ##
## ----------- ##

#define PACKAGE_NAME ""
#define PACKAGE_TARNAME ""
#define PACKAGE_VERSION ""
#define PACKAGE_STRING ""
#define PACKAGE_BUGREPORT ""
#define STDC_HEADERS 1
#define HAVE_SYS_WAIT_H 1
#define HAVE_SYS_TYPES_H 1
#define HAVE_SYS_STAT_H 1
#define HAVE_STDLIB_H 1
#define HAVE_STRING_H 1
#define HAVE_MEMORY_H 1
#define HAVE_STRINGS_H 1
#define HAVE_INTTYPES_H 1
#define HAVE_STDINT_H 1
#define HAVE_UNISTD_H 1
#define HAVE_FCNTL_H 1
#define HAVE_SYS_IOCTL_H 1
#define HAVE_SYS_TIME_H 1
#define HAVE_SYSLOG_H 1
#define HAVE_UNISTD_H 1
#define HAVE_NET_IF_ARP_H 1
#define HAVE_NETINET_IF_ETHER_H 1
#define HAVE_GETOPT_H 1
#define HAVE_SYS_UIO_H 1
#define HAVE_SYS_PARAM_H 1
#define HAVE_FCNTL_H 1
#define HAVE_NET_BPF_H 1
#define HAVE_NETPACKET_PACKET_H 1
#define HAVE_NET_ETHERNET_H 1
#define HAVE_ASM_TYPES_H 1
#define HAVE_LINUX_IF_PACKET_H 1
#define HAVE_LINUX_IF_ETHER_H 1
#define HAVE_SYS_SOCKET_H 1
#define HAVE_SYS_CDEFS_H 1
#define HAVE_NET_IF_H 1
#define HAVE_NETINET_IF_ETHER_H 1
#define HAVE_LINUX_IF_H 1
#define HAVE_LINUX_IF_PPPOX_H 1
#define TIME_WITH_SYS_TIME 1
#define HAVE_STRUCT_SOCKADDR_LL 1
#define HAVE_N_HDLC 1
#define DEBUGGING_ENABLED 1
#define PROTOTYPES 1
#define __PROTOTYPES 1
#define RETSIGTYPE void
#define HAVE_SELECT 1
#define HAVE_SOCKET 1
#define HAVE_STRERROR 1
#define HAVE_STRTOL 1
#define SIZEOF_UNSIGNED_SHORT 2
#define SIZEOF_UNSIGNED_INT 4
#define SIZEOF_UNSIGNED_LONG 4
#define PACK_BITFIELDS_REVERSED 1

configure: exit 0
