This file contains any messages produced by compilers while
running configure, to aid debugging if configure makes a mistake.

It was created by configure, which was
generated by GNU Autoconf 2.63.  Invocation command line was

  $ ./configure --host=arm-linux --enable-ltdl-install STRIP=arm_v5t_le-strip AR=arm_v5t_le-ar CC=arm_v5t_le-gcc CPP=arm_v5t_le-gcc -E CXX=arm_v5t_le-g++ CXXCPP=arm_v5t_le-g++ -E ac_ct_CC=arm_v5t_le-gcc ac_ct_CXX=arm_v5t_le-g++ PTHREAD_CC=arm_v5t_le-gcc RANLIB=arm_v5t_le-ranlib

## --------- ##
## Platform. ##
## --------- ##

hostname = bullhead.approtech.com
uname -m = i686
uname -r = 2.6.23.15-137.fc8
uname -s = Linux
uname -v = #1 SMP Sun Feb 10 17:48:34 EST 2008

/usr/bin/uname -p = unknown
/bin/uname -X     = unknown

/bin/arch              = i686
/usr/bin/arch -k       = unknown
/usr/convex/getsysinfo = unknown
/usr/bin/hostinfo      = unknown
/bin/machine           = unknown
/usr/bin/oslevel       = unknown
/bin/universe          = unknown

PATH: /usr/lib/qt-3.3/bin
PATH: /usr/kerberos/bin
PATH: /usr/lib/ccache
PATH: /usr/local/bin
PATH: /bin
PATH: /usr/bin
PATH: /opt/mv_pro_4.0.1/montavista/pro/devkit/arm/v5t_le/bin
PATH: /opt/mv_pro_4.0.1/montavista/pro/bin
PATH: /opt/mv_pro_4.0.1/montavista/common/bin


## ----------- ##
## Core tests. ##
## ----------- ##

configure:1810: checking for arm-linux-gcc
configure:1837: result: arm_v5t_le-gcc
configure:2109: checking for C compiler version
configure:2117: arm_v5t_le-gcc --version >&5
arm_v5t_le-gcc (GCC) 3.4.3 (MontaVista 3.4.3-25.0.104.0600975 2006-07-06)
Copyright (C) 2004 Free Software Foundation, Inc.
This is free software; see the source for copying conditions.  There is NO
warranty; not even for MERCHANTABILITY or FITNESS FOR A PARTICULAR PURPOSE.

configure:2121: $? = 0
configure:2128: arm_v5t_le-gcc -v >&5
Reading specs from /opt/mv_pro_4.0.1/montavista/pro/devkit/arm/v5t_le/bin/../lib/gcc/armv5tl-montavista-linuxeabi/3.4.3/specs
Configured with: ../configure --host=i686-pc-linux-gnu --target=armv5tl-montavista-linuxeabi --prefix=/opt/montavista/foundation/devkit/arm/v5t_le --exec-prefix=/opt/montavista/foundation/devkit/arm/v5t_le --bindir=/opt/montavista/foundation/devkit/arm/v5t_le/bin --sbindir=/opt/montavista/foundation/devkit/arm/v5t_le/sbin --sysconfdir=/opt/montavista/foundation/devkit/arm/v5t_le/etc --datadir=/opt/montavista/foundation/devkit/arm/v5t_le/share --includedir=/opt/montavista/foundation/devkit/arm/v5t_le/include --libdir=/opt/montavista/foundation/devkit/arm/v5t_le/lib --libexecdir=/opt/montavista/foundation/devkit/arm/v5t_le/libexec --localstatedir=/opt/montavista/foundation/devkit/arm/v5t_le/var --sharedstatedir=/opt/montavista/foundation/devkit/arm/v5t_le/share --mandir=/opt/montavista/foundation/devkit/arm/v5t_le/man --infodir=/opt/montavista/foundation/devkit/arm/v5t_le/info --build=i686-pc-linux-gnu --program-transform-name=s,^,arm_v5t_le-, --enable-cross --with-sysroot=/opt/montavista/foundation/devkit/arm/v5t_le/target --enable-shared --enable-languages=c,c++ --enable-__cxa_atexit --enable-threads=posix --disable-multilib --with-gxx-include-dir=${prefix}/lib/gcc/armv5tl-montavista-linuxeabi/3.4.3/../../../../target/usr/include/c++/3.4.3 --with-numa-policy=yes --with-float=soft --with-cpu=arm10tdmi --with-interwork --with-arch=armv5t --with-tune=arm10tdmi --libexecdir=/opt/montavista/foundation/devkit/arm/v5t_le/lib
Thread model: posix
gcc version 3.4.3 (MontaVista 3.4.3-25.0.104.0600975 2006-07-06)
configure:2132: $? = 0
configure:2139: arm_v5t_le-gcc -V >&5
arm_v5t_le-gcc: `-V' option must have argument
configure:2143: $? = 1
configure:2166: checking for C compiler default output file name
configure:2188: arm_v5t_le-gcc    conftest.c  >&5
configure:2192: $? = 0
configure:2230: result: a.out
configure:2249: checking whether the C compiler works
configure:2259: ./a.out
./configure: line 2261: ./a.out: cannot execute binary file
configure:2263: $? = 126
configure:2282: result: yes
configure:2289: checking whether we are cross compiling
configure:2291: result: yes
configure:2294: checking for suffix of executables
configure:2301: arm_v5t_le-gcc -o conftest    conftest.c  >&5
configure:2305: $? = 0
configure:2331: result: 
configure:2337: checking for suffix of object files
configure:2363: arm_v5t_le-gcc -c   conftest.c >&5
configure:2367: $? = 0
configure:2392: result: o
configure:2396: checking whether we are using the GNU C compiler
configure:2425: arm_v5t_le-gcc -c   conftest.c >&5
configure:2432: $? = 0
configure:2449: result: yes
configure:2458: checking whether arm_v5t_le-gcc accepts -g
configure:2488: arm_v5t_le-gcc -c -g  conftest.c >&5
configure:2495: $? = 0
configure:2596: result: yes
configure:2613: checking for arm_v5t_le-gcc option to accept ISO C89
configure:2687: arm_v5t_le-gcc  -c -g -O2  conftest.c >&5
configure:2694: $? = 0
configure:2717: result: none needed
configure:2780: checking for a BSD-compatible install
configure:2848: result: /usr/bin/install -c
configure:2862: checking for arm-linux-strip
configure:2889: result: arm_v5t_le-strip
configure:3000: checking how to run the C preprocessor
configure:3118: result: arm_v5t_le-gcc -E
configure:3147: arm_v5t_le-gcc -E  conftest.c
configure:3154: $? = 0
configure:3185: arm_v5t_le-gcc -E  conftest.c
conftest.c:8:28: ac_nonexistent.h: No such file or directory
configure:3192: $? = 1
configure: failed program was:
| /* confdefs.h.  */
| #define PACKAGE_NAME ""
| #define PACKAGE_TARNAME ""
| #define PACKAGE_VERSION ""
| #define PACKAGE_STRING ""
| #define PACKAGE_BUGREPORT ""
| /* end confdefs.h.  */
| #include <ac_nonexistent.h>
configure:3232: checking for grep that handles long lines and -e
configure:3292: result: /bin/grep
configure:3297: checking for egrep
configure:3361: result: /bin/grep -E
configure:3366: checking for ANSI C header files
configure:3396: arm_v5t_le-gcc -c -g -O2  conftest.c >&5
configure:3403: $? = 0
configure:3534: result: yes
configure:3544: checking for sys/wait.h that is POSIX.1 compatible
configure:3580: arm_v5t_le-gcc -c -g -O2  conftest.c >&5
configure:3587: $? = 0
configure:3602: result: yes
configure:3626: checking for sys/types.h
configure:3647: arm_v5t_le-gcc -c -g -O2  conftest.c >&5
configure:3654: $? = 0
configure:3671: result: yes
configure:3626: checking for sys/stat.h
configure:3647: arm_v5t_le-gcc -c -g -O2  conftest.c >&5
configure:3654: $? = 0
configure:3671: result: yes
configure:3626: checking for stdlib.h
configure:3647: arm_v5t_le-gcc -c -g -O2  conftest.c >&5
configure:3654: $? = 0
configure:3671: result: yes
configure:3626: checking for string.h
configure:3647: arm_v5t_le-gcc -c -g -O2  conftest.c >&5
configure:3654: $? = 0
configure:3671: result: yes
configure:3626: checking for memory.h
configure:3647: arm_v5t_le-gcc -c -g -O2  conftest.c >&5
configure:3654: $? = 0
configure:3671: result: yes
configure:3626: checking for strings.h
configure:3647: arm_v5t_le-gcc -c -g -O2  conftest.c >&5
configure:3654: $? = 0
configure:3671: result: yes
configure:3626: checking for inttypes.h
configure:3647: arm_v5t_le-gcc -c -g -O2  conftest.c >&5
configure:3654: $? = 0
configure:3671: result: yes
configure:3626: checking for stdint.h
configure:3647: arm_v5t_le-gcc -c -g -O2  conftest.c >&5
configure:3654: $? = 0
configure:3671: result: yes
configure:3626: checking for unistd.h
configure:3647: arm_v5t_le-gcc -c -g -O2  conftest.c >&5
configure:3654: $? = 0
configure:3671: result: yes
configure:3705: checking fcntl.h usability
configure:3722: arm_v5t_le-gcc -c -g -O2  conftest.c >&5
configure:3729: $? = 0
configure:3743: result: yes
configure:3747: checking fcntl.h presence
configure:3762: arm_v5t_le-gcc -E  conftest.c
configure:3769: $? = 0
configure:3783: result: yes
configure:3811: checking for fcntl.h
configure:3820: result: yes
configure:3705: checking syslog.h usability
configure:3722: arm_v5t_le-gcc -c -g -O2  conftest.c >&5
configure:3729: $? = 0
configure:3743: result: yes
configure:3747: checking syslog.h presence
configure:3762: arm_v5t_le-gcc -E  conftest.c
configure:3769: $? = 0
configure:3783: result: yes
configure:3811: checking for syslog.h
configure:3820: result: yes
configure:3694: checking for unistd.h
configure:3701: result: yes
configure:3705: checking sys/ioctl.h usability
configure:3722: arm_v5t_le-gcc -c -g -O2  conftest.c >&5
configure:3729: $? = 0
configure:3743: result: yes
configure:3747: checking sys/ioctl.h presence
configure:3762: arm_v5t_le-gcc -E  conftest.c
configure:3769: $? = 0
configure:3783: result: yes
configure:3811: checking for sys/ioctl.h
configure:3820: result: yes
configure:3705: checking sys/time.h usability
configure:3722: arm_v5t_le-gcc -c -g -O2  conftest.c >&5
configure:3729: $? = 0
configure:3743: result: yes
configure:3747: checking sys/time.h presence
configure:3762: arm_v5t_le-gcc -E  conftest.c
configure:3769: $? = 0
configure:3783: result: yes
configure:3811: checking for sys/time.h
configure:3820: result: yes
configure:3853: checking openssl/ssl.h usability
configure:3870: arm_v5t_le-gcc -c -g -O2  conftest.c >&5
configure:3877: $? = 0
configure:3891: result: yes
configure:3895: checking openssl/ssl.h presence
configure:3910: arm_v5t_le-gcc -E  conftest.c
configure:3917: $? = 0
configure:3931: result: yes
configure:3959: checking for openssl/ssl.h
configure:3968: result: yes
configure:3853: checking openssl/md5.h usability
configure:3870: arm_v5t_le-gcc -c -g -O2  conftest.c >&5
configure:3877: $? = 0
configure:3891: result: yes
configure:3895: checking openssl/md5.h presence
configure:3910: arm_v5t_le-gcc -E  conftest.c
configure:3917: $? = 0
configure:3931: result: yes
configure:3959: checking for openssl/md5.h
configure:3968: result: yes
configure:3853: checking openssl/err.h usability
configure:3870: arm_v5t_le-gcc -c -g -O2  conftest.c >&5
configure:3877: $? = 0
configure:3891: result: yes
configure:3895: checking openssl/err.h presence
configure:3910: arm_v5t_le-gcc -E  conftest.c
configure:3917: $? = 0
configure:3931: result: yes
configure:3959: checking for openssl/err.h
configure:3968: result: yes
configure:3993: checking for MD5_Init in -lcrypto
configure:4028: arm_v5t_le-gcc -o conftest -g -O2   conftest.c -lcrypto   >&5
configure:4035: $? = 0
configure:4056: result: yes
configure:4072: checking for SSL_CTX_new in -lssl
configure:4107: arm_v5t_le-gcc -o conftest -g -O2   conftest.c -lssl  -lcrypto  >&5
configure:4114: $? = 0
configure:4135: result: yes
configure:4151: checking for poptGetContext in -lpopt
configure:4186: arm_v5t_le-gcc -o conftest -g -O2   conftest.c -lpopt  -lssl -lcrypto  >&5
configure:4193: $? = 0
configure:4214: result: yes
configure:4231: checking for kernel version
configure:4327: result: 0.0.0
configure:4337: WARNING: Cannot determine Linux Kernel version.
configure:4356: checking net/ip_vs.h usability
configure:4373: arm_v5t_le-gcc -c -g -O2  -I/usr/src/linux/include conftest.c >&5
conftest.c:63:23: net/ip_vs.h: No such file or directory
configure:4380: $? = 1
configure: failed program was:
| /* confdefs.h.  */
| #define PACKAGE_NAME ""
| #define PACKAGE_TARNAME ""
| #define PACKAGE_VERSION ""
| #define PACKAGE_STRING ""
| #define PACKAGE_BUGREPORT ""
| #define STDC_HEADERS 1
| #define HAVE_SYS_WAIT_H 1
| #define HAVE_SYS_TYPES_H 1
| #define HAVE_SYS_STAT_H 1
| #define HAVE_STDLIB_H 1
| #define HAVE_STRING_H 1
| #define HAVE_MEMORY_H 1
| #define HAVE_STRINGS_H 1
| #define HAVE_INTTYPES_H 1
| #define HAVE_STDINT_H 1
| #define HAVE_UNISTD_H 1
| #define HAVE_FCNTL_H 1
| #define HAVE_SYSLOG_H 1
| #define HAVE_UNISTD_H 1
| #define HAVE_SYS_IOCTL_H 1
| #define HAVE_SYS_TIME_H 1
| #define HAVE_OPENSSL_SSL_H 1
| #define HAVE_OPENSSL_MD5_H 1
| #define HAVE_OPENSSL_ERR_H 1
| #define HAVE_LIBCRYPTO 1
| #define HAVE_LIBSSL 1
| #define HAVE_LIBPOPT 1
| /* end confdefs.h.  */
| #include <stdio.h>
| #ifdef HAVE_SYS_TYPES_H
| # include <sys/types.h>
| #endif
| #ifdef HAVE_SYS_STAT_H
| # include <sys/stat.h>
| #endif
| #ifdef STDC_HEADERS
| # include <stdlib.h>
| # include <stddef.h>
| #else
| # ifdef HAVE_STDLIB_H
| #  include <stdlib.h>
| # endif
| #endif
| #ifdef HAVE_STRING_H
| # if !defined STDC_HEADERS && defined HAVE_MEMORY_H
| #  include <memory.h>
| # endif
| # include <string.h>
| #endif
| #ifdef HAVE_STRINGS_H
| # include <strings.h>
| #endif
| #ifdef HAVE_INTTYPES_H
| # include <inttypes.h>
| #endif
| #ifdef HAVE_STDINT_H
| # include <stdint.h>
| #endif
| #ifdef HAVE_UNISTD_H
| # include <unistd.h>
| #endif
| #include <net/ip_vs.h>
configure:4394: result: no
configure:4398: checking net/ip_vs.h presence
configure:4413: arm_v5t_le-gcc -E  -I/usr/src/linux/include conftest.c
conftest.c:30:23: net/ip_vs.h: No such file or directory
configure:4420: $? = 1
configure: failed program was:
| /* confdefs.h.  */
| #define PACKAGE_NAME ""
| #define PACKAGE_TARNAME ""
| #define PACKAGE_VERSION ""
| #define PACKAGE_STRING ""
| #define PACKAGE_BUGREPORT ""
| #define STDC_HEADERS 1
| #define HAVE_SYS_WAIT_H 1
| #define HAVE_SYS_TYPES_H 1
| #define HAVE_SYS_STAT_H 1
| #define HAVE_STDLIB_H 1
| #define HAVE_STRING_H 1
| #define HAVE_MEMORY_H 1
| #define HAVE_STRINGS_H 1
| #define HAVE_INTTYPES_H 1
| #define HAVE_STDINT_H 1
| #define HAVE_UNISTD_H 1
| #define HAVE_FCNTL_H 1
| #define HAVE_SYSLOG_H 1
| #define HAVE_UNISTD_H 1
| #define HAVE_SYS_IOCTL_H 1
| #define HAVE_SYS_TIME_H 1
| #define HAVE_OPENSSL_SSL_H 1
| #define HAVE_OPENSSL_MD5_H 1
| #define HAVE_OPENSSL_ERR_H 1
| #define HAVE_LIBCRYPTO 1
| #define HAVE_LIBSSL 1
| #define HAVE_LIBPOPT 1
| /* end confdefs.h.  */
| #include <net/ip_vs.h>
configure:4434: result: no
configure:4462: checking for net/ip_vs.h
configure:4469: result: no
configure:4478: WARNING: keepalived will be built without LVS support.
configure:4538: checking for an ANSI C-conforming const
configure:4613: arm_v5t_le-gcc -c -g -O2  -I/usr/src/linux/include conftest.c >&5
configure:4620: $? = 0
configure:4635: result: yes
configure:4645: checking for pid_t
configure:4673: arm_v5t_le-gcc -c -g -O2  -I/usr/src/linux/include conftest.c >&5
configure:4680: $? = 0
configure:4707: arm_v5t_le-gcc -c -g -O2  -I/usr/src/linux/include conftest.c >&5
conftest.c: In function `main':
conftest.c:66: error: parse error before ')' token
configure:4714: $? = 1
configure: failed program was:
| /* confdefs.h.  */
| #define PACKAGE_NAME ""
| #define PACKAGE_TARNAME ""
| #define PACKAGE_VERSION ""
| #define PACKAGE_STRING ""
| #define PACKAGE_BUGREPORT ""
| #define STDC_HEADERS 1
| #define HAVE_SYS_WAIT_H 1
| #define HAVE_SYS_TYPES_H 1
| #define HAVE_SYS_STAT_H 1
| #define HAVE_STDLIB_H 1
| #define HAVE_STRING_H 1
| #define HAVE_MEMORY_H 1
| #define HAVE_STRINGS_H 1
| #define HAVE_INTTYPES_H 1
| #define HAVE_STDINT_H 1
| #define HAVE_UNISTD_H 1
| #define HAVE_FCNTL_H 1
| #define HAVE_SYSLOG_H 1
| #define HAVE_UNISTD_H 1
| #define HAVE_SYS_IOCTL_H 1
| #define HAVE_SYS_TIME_H 1
| #define HAVE_OPENSSL_SSL_H 1
| #define HAVE_OPENSSL_MD5_H 1
| #define HAVE_OPENSSL_ERR_H 1
| #define HAVE_LIBCRYPTO 1
| #define HAVE_LIBSSL 1
| #define HAVE_LIBPOPT 1
| /* end confdefs.h.  */
| #include <stdio.h>
| #ifdef HAVE_SYS_TYPES_H
| # include <sys/types.h>
| #endif
| #ifdef HAVE_SYS_STAT_H
| # include <sys/stat.h>
| #endif
| #ifdef STDC_HEADERS
| # include <stdlib.h>
| # include <stddef.h>
| #else
| # ifdef HAVE_STDLIB_H
| #  include <stdlib.h>
| # endif
| #endif
| #ifdef HAVE_STRING_H
| # if !defined STDC_HEADERS && defined HAVE_MEMORY_H
| #  include <memory.h>
| # endif
| # include <string.h>
| #endif
| #ifdef HAVE_STRINGS_H
| # include <strings.h>
| #endif
| #ifdef HAVE_INTTYPES_H
| # include <inttypes.h>
| #endif
| #ifdef HAVE_STDINT_H
| # include <stdint.h>
| #endif
| #ifdef HAVE_UNISTD_H
| # include <unistd.h>
| #endif
| int
| main ()
| {
| if (sizeof ((pid_t)))
| 	  return 0;
|   ;
|   return 0;
| }
configure:4737: result: yes
configure:4749: checking whether time.h and sys/time.h may both be included
configure:4779: arm_v5t_le-gcc -c -g -O2  -I/usr/src/linux/include conftest.c >&5
configure:4786: $? = 0
configure:4801: result: yes
configure:4813: checking whether arm_v5t_le-gcc needs -traditional
configure:4855: result: no
configure:4862: checking for working memcmp
configure:4946: result: no
configure:4955: checking return type of signal handlers
configure:4983: arm_v5t_le-gcc -c -g -O2  -I/usr/src/linux/include conftest.c >&5
conftest.c: In function `main':
conftest.c:37: error: void value not ignored as it ought to be
configure:4990: $? = 1
configure: failed program was:
| /* confdefs.h.  */
| #define PACKAGE_NAME ""
| #define PACKAGE_TARNAME ""
| #define PACKAGE_VERSION ""
| #define PACKAGE_STRING ""
| #define PACKAGE_BUGREPORT ""
| #define STDC_HEADERS 1
| #define HAVE_SYS_WAIT_H 1
| #define HAVE_SYS_TYPES_H 1
| #define HAVE_SYS_STAT_H 1
| #define HAVE_STDLIB_H 1
| #define HAVE_STRING_H 1
| #define HAVE_MEMORY_H 1
| #define HAVE_STRINGS_H 1
| #define HAVE_INTTYPES_H 1
| #define HAVE_STDINT_H 1
| #define HAVE_UNISTD_H 1
| #define HAVE_FCNTL_H 1
| #define HAVE_SYSLOG_H 1
| #define HAVE_UNISTD_H 1
| #define HAVE_SYS_IOCTL_H 1
| #define HAVE_SYS_TIME_H 1
| #define HAVE_OPENSSL_SSL_H 1
| #define HAVE_OPENSSL_MD5_H 1
| #define HAVE_OPENSSL_ERR_H 1
| #define HAVE_LIBCRYPTO 1
| #define HAVE_LIBSSL 1
| #define HAVE_LIBPOPT 1
| #define TIME_WITH_SYS_TIME 1
| /* end confdefs.h.  */
| #include <sys/types.h>
| #include <signal.h>
| 
| int
| main ()
| {
| return *(signal (0, 0)) (0) == 1;
|   ;
|   return 0;
| }
configure:5005: result: void
configure:5022: checking for gettimeofday
configure:5078: arm_v5t_le-gcc -o conftest -g -O2  -I/usr/src/linux/include  conftest.c -lpopt -lssl -lcrypto  >&5
configure:5085: $? = 0
configure:5107: result: yes
configure:5022: checking for select
configure:5078: arm_v5t_le-gcc -o conftest -g -O2  -I/usr/src/linux/include  conftest.c -lpopt -lssl -lcrypto  >&5
configure:5085: $? = 0
configure:5107: result: yes
configure:5022: checking for socket
configure:5078: arm_v5t_le-gcc -o conftest -g -O2  -I/usr/src/linux/include  conftest.c -lpopt -lssl -lcrypto  >&5
configure:5085: $? = 0
configure:5107: result: yes
configure:5022: checking for strerror
configure:5078: arm_v5t_le-gcc -o conftest -g -O2  -I/usr/src/linux/include  conftest.c -lpopt -lssl -lcrypto  >&5
configure:5085: $? = 0
configure:5107: result: yes
configure:5022: checking for strtol
configure:5078: arm_v5t_le-gcc -o conftest -g -O2  -I/usr/src/linux/include  conftest.c -lpopt -lssl -lcrypto  >&5
configure:5085: $? = 0
configure:5107: result: yes
configure:5022: checking for uname
configure:5078: arm_v5t_le-gcc -o conftest -g -O2  -I/usr/src/linux/include  conftest.c -lpopt -lssl -lcrypto  >&5
configure:5085: $? = 0
configure:5107: result: yes
configure:5274: creating ./config.status

## ---------------------- ##
## Running config.status. ##
## ---------------------- ##

This file was extended by config.status, which was
generated by GNU Autoconf 2.63.  Invocation command line was

  CONFIG_FILES    = 
  CONFIG_HEADERS  = 
  CONFIG_LINKS    = 
  CONFIG_COMMANDS = 
  $ ./config.status 

on bullhead.approtech.com

config.status:659: creating Makefile
config.status:659: creating genhash/Makefile
config.status:806: WARNING:  'genhash/Makefile.in' seems to ignore the --datarootdir setting
config.status:659: creating keepalived/core/Makefile
config.status:659: creating keepalived/include/config.h
config.status:659: creating keepalived.spec
config.status:659: creating keepalived/Makefile
config.status:806: WARNING:  'keepalived/Makefile.in' seems to ignore the --datarootdir setting
config.status:659: creating lib/Makefile
config.status:659: creating keepalived/vrrp/Makefile
configure:6248: WARNING: unrecognized options: --enable-ltdl-install

## ---------------- ##
## Cache variables. ##
## ---------------- ##

ac_cv_c_compiler_gnu=yes
ac_cv_c_const=yes
ac_cv_env_CC_set=set
ac_cv_env_CC_value=arm_v5t_le-gcc
ac_cv_env_CFLAGS_set=
ac_cv_env_CFLAGS_value=
ac_cv_env_CPPFLAGS_set=
ac_cv_env_CPPFLAGS_value=
ac_cv_env_CPP_set=set
ac_cv_env_CPP_value='arm_v5t_le-gcc -E'
ac_cv_env_LDFLAGS_set=
ac_cv_env_LDFLAGS_value=
ac_cv_env_LIBS_set=
ac_cv_env_LIBS_value=
ac_cv_env_build_alias_set=
ac_cv_env_build_alias_value=
ac_cv_env_host_alias_set=set
ac_cv_env_host_alias_value=arm-linux
ac_cv_env_target_alias_set=
ac_cv_env_target_alias_value=
ac_cv_func_gettimeofday=yes
ac_cv_func_memcmp_working=no
ac_cv_func_select=yes
ac_cv_func_socket=yes
ac_cv_func_strerror=yes
ac_cv_func_strtol=yes
ac_cv_func_uname=yes
ac_cv_header_fcntl_h=yes
ac_cv_header_inttypes_h=yes
ac_cv_header_memory_h=yes
ac_cv_header_net_ip_vs_h=no
ac_cv_header_openssl_err_h=yes
ac_cv_header_openssl_md5_h=yes
ac_cv_header_openssl_ssl_h=yes
ac_cv_header_stdc=yes
ac_cv_header_stdint_h=yes
ac_cv_header_stdlib_h=yes
ac_cv_header_string_h=yes
ac_cv_header_strings_h=yes
ac_cv_header_sys_ioctl_h=yes
ac_cv_header_sys_stat_h=yes
ac_cv_header_sys_time_h=yes
ac_cv_header_sys_types_h=yes
ac_cv_header_sys_wait_h=yes
ac_cv_header_syslog_h=yes
ac_cv_header_time=yes
ac_cv_header_unistd_h=yes
ac_cv_lib_crypto_MD5_Init=yes
ac_cv_lib_popt_poptGetContext=yes
ac_cv_lib_ssl_SSL_CTX_new=yes
ac_cv_objext=o
ac_cv_path_EGREP='/bin/grep -E'
ac_cv_path_GREP=/bin/grep
ac_cv_path_install='/usr/bin/install -c'
ac_cv_prog_CC=arm_v5t_le-gcc
ac_cv_prog_CPP='arm_v5t_le-gcc -E'
ac_cv_prog_STRIP=arm_v5t_le-strip
ac_cv_prog_cc_c89=
ac_cv_prog_cc_g=yes
ac_cv_prog_gcc_traditional=no
ac_cv_type_pid_t=yes
ac_cv_type_signal=void

## ----------------- ##
## Output variables. ##
## ----------------- ##

CC='arm_v5t_le-gcc'
CFLAGS='-g -O2'
CPP='arm_v5t_le-gcc -E'
CPPFLAGS=' -I/usr/src/linux/include'
DEFS='-DPACKAGE_NAME=\"\" -DPACKAGE_TARNAME=\"\" -DPACKAGE_VERSION=\"\" -DPACKAGE_STRING=\"\" -DPACKAGE_BUGREPORT=\"\" -DSTDC_HEADERS=1 -DHAVE_SYS_WAIT_H=1 -DHAVE_SYS_TYPES_H=1 -DHAVE_SYS_STAT_H=1 -DHAVE_STDLIB_H=1 -DHAVE_STRING_H=1 -DHAVE_MEMORY_H=1 -DHAVE_STRINGS_H=1 -DHAVE_INTTYPES_H=1 -DHAVE_STDINT_H=1 -DHAVE_UNISTD_H=1 -DHAVE_FCNTL_H=1 -DHAVE_SYSLOG_H=1 -DHAVE_UNISTD_H=1 -DHAVE_SYS_IOCTL_H=1 -DHAVE_SYS_TIME_H=1 -DHAVE_OPENSSL_SSL_H=1 -DHAVE_OPENSSL_MD5_H=1 -DHAVE_OPENSSL_ERR_H=1 -DHAVE_LIBCRYPTO=1 -DHAVE_LIBSSL=1 -DHAVE_LIBPOPT=1 -DTIME_WITH_SYS_TIME=1 -DRETSIGTYPE=void -DHAVE_GETTIMEOFDAY=1 -DHAVE_SELECT=1 -DHAVE_SOCKET=1 -DHAVE_STRERROR=1 -DHAVE_STRTOL=1 -DHAVE_UNAME=1'
DFLAGS=''
ECHO_C=''
ECHO_N='-n'
ECHO_T=''
EGREP='/bin/grep -E'
EXEEXT=''
GREP='/bin/grep'
INSTALL_DATA='${INSTALL} -m 644'
INSTALL_PROGRAM='${INSTALL}'
INSTALL_SCRIPT='${INSTALL}'
IPVS_SUPPORT='_WITHOUT_LVS_'
IPVS_SYNCD='_WITHOUT_IPVS_SYNCD_'
KERN='_KRNL_2_2_'
LDFLAGS=''
LIBOBJS=' ${LIBOBJDIR}memcmp$U.o'
LIBS='-lpopt -lssl -lcrypto '
LTLIBOBJS=' ${LIBOBJDIR}memcmp$U.lo'
OBJEXT='o'
PACKAGE_BUGREPORT=''
PACKAGE_NAME=''
PACKAGE_STRING=''
PACKAGE_TARNAME=''
PACKAGE_VERSION=''
PATH_SEPARATOR=':'
SHELL='/bin/sh'
STRIP='arm_v5t_le-strip'
VERSION='1.1.19'
VERSION_DATE='11/11,2009'
VRRP_SUPPORT='_WITH_VRRP_'
ac_ct_CC='arm_v5t_le-gcc'
bindir='${exec_prefix}/bin'
build_alias=''
datadir='${datarootdir}'
datarootdir='${prefix}/share'
docdir='${datarootdir}/doc/${PACKAGE}'
dvidir='${docdir}'
exec_prefix='${prefix}'
host_alias='arm-linux'
htmldir='${docdir}'
includedir='${prefix}/include'
infodir='${datarootdir}/info'
libdir='${exec_prefix}/lib'
libexecdir='${exec_prefix}/libexec'
localedir='${datarootdir}/locale'
localstatedir='${prefix}/var'
mandir='${datarootdir}/man'
oldincludedir='/usr/include'
pdfdir='${docdir}'
prefix='/usr/local'
program_transform_name='s,x,x,'
psdir='${docdir}'
sbindir='${exec_prefix}/sbin'
sharedstatedir='${prefix}/com'
sysconfdir='${prefix}/etc'
target_alias=''

## ----------- ##
## confdefs.h. ##
## ----------- ##

#define PACKAGE_NAME ""
#define PACKAGE_TARNAME ""
#define PACKAGE_VERSION ""
#define PACKAGE_STRING ""
#define PACKAGE_BUGREPORT ""
#define STDC_HEADERS 1
#define HAVE_SYS_WAIT_H 1
#define HAVE_SYS_TYPES_H 1
#define HAVE_SYS_STAT_H 1
#define HAVE_STDLIB_H 1
#define HAVE_STRING_H 1
#define HAVE_MEMORY_H 1
#define HAVE_STRINGS_H 1
#define HAVE_INTTYPES_H 1
#define HAVE_STDINT_H 1
#define HAVE_UNISTD_H 1
#define HAVE_FCNTL_H 1
#define HAVE_SYSLOG_H 1
#define HAVE_UNISTD_H 1
#define HAVE_SYS_IOCTL_H 1
#define HAVE_SYS_TIME_H 1
#define HAVE_OPENSSL_SSL_H 1
#define HAVE_OPENSSL_MD5_H 1
#define HAVE_OPENSSL_ERR_H 1
#define HAVE_LIBCRYPTO 1
#define HAVE_LIBSSL 1
#define HAVE_LIBPOPT 1
#define TIME_WITH_SYS_TIME 1
#define RETSIGTYPE void
#define HAVE_GETTIMEOFDAY 1
#define HAVE_SELECT 1
#define HAVE_SOCKET 1
#define HAVE_STRERROR 1
#define HAVE_STRTOL 1
#define HAVE_UNAME 1

configure: exit 0
